Started GET "/" for ::1 at 2021-06-15 01:02:24 -0400
  
ActiveRecord::PendingMigrationError (

Migrations are pending. To resolve this issue, run:

        bin/rails db:migrate RAILS_ENV=development

):
  
activerecord (5.2.6) lib/active_record/migration.rb:579:in `check_pending!'
activerecord (5.2.6) lib/active_record/migration.rb:556:in `call'
actionpack (5.2.6) lib/action_dispatch/middleware/callbacks.rb:28:in `block in call'
activesupport (5.2.6) lib/active_support/callbacks.rb:98:in `run_callbacks'
actionpack (5.2.6) lib/action_dispatch/middleware/callbacks.rb:26:in `call'
actionpack (5.2.6) lib/action_dispatch/middleware/executor.rb:14:in `call'
actionpack (5.2.6) lib/action_dispatch/middleware/debug_exceptions.rb:61:in `call'
actionpack (5.2.6) lib/action_dispatch/middleware/show_exceptions.rb:33:in `call'
railties (5.2.6) lib/rails/rack/logger.rb:38:in `call_app'
railties (5.2.6) lib/rails/rack/logger.rb:26:in `block in call'
activesupport (5.2.6) lib/active_support/tagged_logging.rb:71:in `block in tagged'
activesupport (5.2.6) lib/active_support/tagged_logging.rb:28:in `tagged'
activesupport (5.2.6) lib/active_support/tagged_logging.rb:71:in `tagged'
railties (5.2.6) lib/rails/rack/logger.rb:26:in `call'
actionpack (5.2.6) lib/action_dispatch/middleware/remote_ip.rb:81:in `call'
actionpack (5.2.6) lib/action_dispatch/middleware/request_id.rb:27:in `call'
rack (2.2.3) lib/rack/runtime.rb:22:in `call'
activesupport (5.2.6) lib/active_support/cache/strategy/local_cache_middleware.rb:29:in `call'
actionpack (5.2.6) lib/action_dispatch/middleware/executor.rb:14:in `call'
actionpack (5.2.6) lib/action_dispatch/middleware/static.rb:127:in `call'
rack (2.2.3) lib/rack/sendfile.rb:110:in `call'
rack-cors (1.1.1) lib/rack/cors.rb:100:in `call'
railties (5.2.6) lib/rails/engine.rb:524:in `call'
puma (3.12.6) lib/puma/configuration.rb:227:in `call'
puma (3.12.6) lib/puma/server.rb:706:in `handle_request'
puma (3.12.6) lib/puma/server.rb:476:in `process_client'
puma (3.12.6) lib/puma/server.rb:334:in `block in run'
puma (3.12.6) lib/puma/thread_pool.rb:135:in `block in spawn_thread'
Started GET "/favicon.ico" for ::1 at 2021-06-15 01:02:25 -0400
  
ActiveRecord::PendingMigrationError (

Migrations are pending. To resolve this issue, run:

        bin/rails db:migrate RAILS_ENV=development

):
  
activerecord (5.2.6) lib/active_record/migration.rb:579:in `check_pending!'
activerecord (5.2.6) lib/active_record/migration.rb:556:in `call'
actionpack (5.2.6) lib/action_dispatch/middleware/callbacks.rb:28:in `block in call'
activesupport (5.2.6) lib/active_support/callbacks.rb:98:in `run_callbacks'
actionpack (5.2.6) lib/action_dispatch/middleware/callbacks.rb:26:in `call'
actionpack (5.2.6) lib/action_dispatch/middleware/executor.rb:14:in `call'
actionpack (5.2.6) lib/action_dispatch/middleware/debug_exceptions.rb:61:in `call'
actionpack (5.2.6) lib/action_dispatch/middleware/show_exceptions.rb:33:in `call'
railties (5.2.6) lib/rails/rack/logger.rb:38:in `call_app'
railties (5.2.6) lib/rails/rack/logger.rb:26:in `block in call'
activesupport (5.2.6) lib/active_support/tagged_logging.rb:71:in `block in tagged'
activesupport (5.2.6) lib/active_support/tagged_logging.rb:28:in `tagged'
activesupport (5.2.6) lib/active_support/tagged_logging.rb:71:in `tagged'
railties (5.2.6) lib/rails/rack/logger.rb:26:in `call'
actionpack (5.2.6) lib/action_dispatch/middleware/remote_ip.rb:81:in `call'
actionpack (5.2.6) lib/action_dispatch/middleware/request_id.rb:27:in `call'
rack (2.2.3) lib/rack/runtime.rb:22:in `call'
activesupport (5.2.6) lib/active_support/cache/strategy/local_cache_middleware.rb:29:in `call'
actionpack (5.2.6) lib/action_dispatch/middleware/executor.rb:14:in `call'
actionpack (5.2.6) lib/action_dispatch/middleware/static.rb:127:in `call'
rack (2.2.3) lib/rack/sendfile.rb:110:in `call'
rack-cors (1.1.1) lib/rack/cors.rb:100:in `call'
railties (5.2.6) lib/rails/engine.rb:524:in `call'
puma (3.12.6) lib/puma/configuration.rb:227:in `call'
puma (3.12.6) lib/puma/server.rb:706:in `handle_request'
puma (3.12.6) lib/puma/server.rb:476:in `process_client'
puma (3.12.6) lib/puma/server.rb:334:in `block in run'
puma (3.12.6) lib/puma/thread_pool.rb:135:in `block in spawn_thread'
  [1m[35m (0.0ms)[0m  [1m[34mSELECT sqlite_version(*)[0m
  ↳ bin/rails:4
  [1m[35m (9.7ms)[0m  [1m[35mCREATE TABLE "schema_migrations" ("version" varchar NOT NULL PRIMARY KEY)[0m
  ↳ bin/rails:4
  [1m[35m (1.0ms)[0m  [1m[35mCREATE TABLE "ar_internal_metadata" ("key" varchar NOT NULL PRIMARY KEY, "value" varchar, "created_at" datetime NOT NULL, "updated_at" datetime NOT NULL)[0m
  ↳ bin/rails:4
  [1m[35m (0.1ms)[0m  [1m[34mSELECT "schema_migrations"."version" FROM "schema_migrations" ORDER BY "schema_migrations"."version" ASC[0m
  ↳ bin/rails:4
Migrating to CreateUsers (20190121191304)
  [1m[35m (0.0ms)[0m  [1m[36mbegin transaction[0m
  ↳ bin/rails:4
  [1m[35m (0.1ms)[0m  [1m[35mCREATE TABLE "users" ("id" integer PRIMARY KEY AUTOINCREMENT NOT NULL, "email" varchar NOT NULL, "password_digest" varchar NOT NULL, "created_at" datetime NOT NULL, "updated_at" datetime NOT NULL)[0m
  ↳ db/migrate/20190121191304_create_users.rb:3
  [1m[36mActiveRecord::SchemaMigration Create (0.1ms)[0m  [1m[32mINSERT INTO "schema_migrations" ("version") VALUES (?)[0m  [["version", "20190121191304"]]
  ↳ bin/rails:4
  [1m[35m (1.1ms)[0m  [1m[36mcommit transaction[0m
  ↳ bin/rails:4
Migrating to CreateArtists (20190121191613)
  [1m[35m (0.0ms)[0m  [1m[36mbegin transaction[0m
  ↳ bin/rails:4
  [1m[35m (0.1ms)[0m  [1m[35mCREATE TABLE "artists" ("id" integer PRIMARY KEY AUTOINCREMENT NOT NULL, "name" varchar, "user_id" integer, "created_at" datetime NOT NULL, "updated_at" datetime NOT NULL, CONSTRAINT "fk_rails_6bcbebdd23"
FOREIGN KEY ("user_id")
  REFERENCES "users" ("id")
)[0m
  ↳ db/migrate/20190121191613_create_artists.rb:3
  [1m[35m (0.1ms)[0m  [1m[35mCREATE  INDEX "index_artists_on_user_id" ON "artists" ("user_id")[0m
  ↳ db/migrate/20190121191613_create_artists.rb:3
  [1m[36mActiveRecord::SchemaMigration Create (0.0ms)[0m  [1m[32mINSERT INTO "schema_migrations" ("version") VALUES (?)[0m  [["version", "20190121191613"]]
  ↳ bin/rails:4
  [1m[35m (0.7ms)[0m  [1m[36mcommit transaction[0m
  ↳ bin/rails:4
Migrating to CreateRecords (20190121191758)
  [1m[35m (0.0ms)[0m  [1m[36mbegin transaction[0m
  ↳ bin/rails:4
  [1m[35m (0.1ms)[0m  [1m[35mCREATE TABLE "records" ("id" integer PRIMARY KEY AUTOINCREMENT NOT NULL, "title" varchar, "year" varchar, "artist_id" integer, "user_id" integer, "created_at" datetime NOT NULL, "updated_at" datetime NOT NULL, CONSTRAINT "fk_rails_b545a25f04"
FOREIGN KEY ("artist_id")
  REFERENCES "artists" ("id")
, CONSTRAINT "fk_rails_9ba3ba9afc"
FOREIGN KEY ("user_id")
  REFERENCES "users" ("id")
)[0m
  ↳ db/migrate/20190121191758_create_records.rb:3
  [1m[35m (0.1ms)[0m  [1m[35mCREATE  INDEX "index_records_on_artist_id" ON "records" ("artist_id")[0m
  ↳ db/migrate/20190121191758_create_records.rb:3
  [1m[35m (0.1ms)[0m  [1m[35mCREATE  INDEX "index_records_on_user_id" ON "records" ("user_id")[0m
  ↳ db/migrate/20190121191758_create_records.rb:3
  [1m[36mActiveRecord::SchemaMigration Create (0.0ms)[0m  [1m[32mINSERT INTO "schema_migrations" ("version") VALUES (?)[0m  [["version", "20190121191758"]]
  ↳ bin/rails:4
  [1m[35m (0.7ms)[0m  [1m[36mcommit transaction[0m
  ↳ bin/rails:4
  [1m[36mActiveRecord::InternalMetadata Load (0.1ms)[0m  [1m[34mSELECT  "ar_internal_metadata".* FROM "ar_internal_metadata" WHERE "ar_internal_metadata"."key" = ? LIMIT ?[0m  [["key", "environment"], ["LIMIT", 1]]
  ↳ bin/rails:4
  [1m[35m (0.0ms)[0m  [1m[36mbegin transaction[0m
  ↳ bin/rails:4
  [1m[36mActiveRecord::InternalMetadata Create (0.1ms)[0m  [1m[32mINSERT INTO "ar_internal_metadata" ("key", "value", "created_at", "updated_at") VALUES (?, ?, ?, ?)[0m  [["key", "environment"], ["value", "development"], ["created_at", "2021-06-15 05:02:39.407179"], ["updated_at", "2021-06-15 05:02:39.407179"]]
  ↳ bin/rails:4
  [1m[35m (0.6ms)[0m  [1m[36mcommit transaction[0m
  ↳ bin/rails:4
  [1m[35m (0.0ms)[0m  [1m[34mSELECT "schema_migrations"."version" FROM "schema_migrations" ORDER BY "schema_migrations"."version" ASC[0m
  ↳ bin/rails:4
Started GET "/" for ::1 at 2021-06-15 01:02:43 -0400
  [1m[35m (0.1ms)[0m  [1m[34mSELECT "schema_migrations"."version" FROM "schema_migrations" ORDER BY "schema_migrations"."version" ASC[0m
  ↳ /home/thomas/.rvm/gems/ruby-2.7.0/gems/activerecord-5.2.6/lib/active_record/log_subscriber.rb:98
Processing by HomeController#index as HTML
  [1m[36mArtist Load (0.1ms)[0m  [1m[34mSELECT "artists".* FROM "artists"[0m
  ↳ app/controllers/home_controller.rb:4
Completed 200 OK in 4ms (Views: 0.6ms | ActiveRecord: 0.2ms)


Started GET "/favicon.ico" for ::1 at 2021-06-15 01:02:43 -0400
  
ActionController::RoutingError (No route matches [GET] "/favicon.ico"):
  
actionpack (5.2.6) lib/action_dispatch/middleware/debug_exceptions.rb:65:in `call'
actionpack (5.2.6) lib/action_dispatch/middleware/show_exceptions.rb:33:in `call'
railties (5.2.6) lib/rails/rack/logger.rb:38:in `call_app'
railties (5.2.6) lib/rails/rack/logger.rb:26:in `block in call'
activesupport (5.2.6) lib/active_support/tagged_logging.rb:71:in `block in tagged'
activesupport (5.2.6) lib/active_support/tagged_logging.rb:28:in `tagged'
activesupport (5.2.6) lib/active_support/tagged_logging.rb:71:in `tagged'
railties (5.2.6) lib/rails/rack/logger.rb:26:in `call'
actionpack (5.2.6) lib/action_dispatch/middleware/remote_ip.rb:81:in `call'
actionpack (5.2.6) lib/action_dispatch/middleware/request_id.rb:27:in `call'
rack (2.2.3) lib/rack/runtime.rb:22:in `call'
activesupport (5.2.6) lib/active_support/cache/strategy/local_cache_middleware.rb:29:in `call'
actionpack (5.2.6) lib/action_dispatch/middleware/executor.rb:14:in `call'
actionpack (5.2.6) lib/action_dispatch/middleware/static.rb:127:in `call'
rack (2.2.3) lib/rack/sendfile.rb:110:in `call'
rack-cors (1.1.1) lib/rack/cors.rb:100:in `call'
railties (5.2.6) lib/rails/engine.rb:524:in `call'
puma (3.12.6) lib/puma/configuration.rb:227:in `call'
puma (3.12.6) lib/puma/server.rb:706:in `handle_request'
puma (3.12.6) lib/puma/server.rb:476:in `process_client'
puma (3.12.6) lib/puma/server.rb:334:in `block in run'
puma (3.12.6) lib/puma/thread_pool.rb:135:in `block in spawn_thread'
Started GET "/" for ::1 at 2021-06-15 15:34:31 -0400
  [1m[35m (0.1ms)[0m  [1m[34mSELECT "schema_migrations"."version" FROM "schema_migrations" ORDER BY "schema_migrations"."version" ASC[0m
  ↳ /home/thomas/.rvm/gems/ruby-2.7.0/gems/activerecord-5.2.6/lib/active_record/log_subscriber.rb:98
Processing by HomeController#index as HTML
  [1m[36mArtist Load (0.1ms)[0m  [1m[34mSELECT "artists".* FROM "artists"[0m
  ↳ app/controllers/home_controller.rb:4
Completed 200 OK in 2ms (Views: 0.5ms | ActiveRecord: 0.2ms)


Started GET "/favicon.ico" for ::1 at 2021-06-15 15:34:32 -0400
  
ActionController::RoutingError (No route matches [GET] "/favicon.ico"):
  
actionpack (5.2.6) lib/action_dispatch/middleware/debug_exceptions.rb:65:in `call'
actionpack (5.2.6) lib/action_dispatch/middleware/show_exceptions.rb:33:in `call'
railties (5.2.6) lib/rails/rack/logger.rb:38:in `call_app'
railties (5.2.6) lib/rails/rack/logger.rb:26:in `block in call'
activesupport (5.2.6) lib/active_support/tagged_logging.rb:71:in `block in tagged'
activesupport (5.2.6) lib/active_support/tagged_logging.rb:28:in `tagged'
activesupport (5.2.6) lib/active_support/tagged_logging.rb:71:in `tagged'
railties (5.2.6) lib/rails/rack/logger.rb:26:in `call'
actionpack (5.2.6) lib/action_dispatch/middleware/remote_ip.rb:81:in `call'
actionpack (5.2.6) lib/action_dispatch/middleware/request_id.rb:27:in `call'
rack (2.2.3) lib/rack/runtime.rb:22:in `call'
activesupport (5.2.6) lib/active_support/cache/strategy/local_cache_middleware.rb:29:in `call'
actionpack (5.2.6) lib/action_dispatch/middleware/executor.rb:14:in `call'
actionpack (5.2.6) lib/action_dispatch/middleware/static.rb:127:in `call'
rack (2.2.3) lib/rack/sendfile.rb:110:in `call'
rack-cors (1.1.1) lib/rack/cors.rb:100:in `call'
railties (5.2.6) lib/rails/engine.rb:524:in `call'
puma (3.12.6) lib/puma/configuration.rb:227:in `call'
puma (3.12.6) lib/puma/server.rb:706:in `handle_request'
puma (3.12.6) lib/puma/server.rb:476:in `process_client'
puma (3.12.6) lib/puma/server.rb:334:in `block in run'
puma (3.12.6) lib/puma/thread_pool.rb:135:in `block in spawn_thread'
